# JRE version: OpenJDK Runtime Environment (8.0_242-b01) (build 1.8.0_242-release-1644-b01)
# Java VM: OpenJDK 64-Bit Server VM (25.242-b01 mixed mode windows-amd64 compressed oops)
Heap:
 PSYoungGen      total 102400K, used 20933K [0x00000000d5580000, 0x00000000dc700000, 0x0000000100000000)
  eden space 92672K, 12% used [0x00000000d5580000,0x00000000d60e7d98,0x00000000db000000)
  from space 9728K, 95% used [0x00000000dba80000,0x00000000dc3897b0,0x00000000dc400000)
  to   space 10752K, 0% used [0x00000000db000000,0x00000000db000000,0x00000000dba80000)
 ParOldGen       total 67072K, used 11805K [0x0000000080000000, 0x0000000084180000, 0x00000000d5580000)
  object space 67072K, 17% used [0x0000000080000000,0x0000000080b874b0,0x0000000084180000)
 Metaspace       used 33498K, capacity 34562K, committed 34864K, reserved 1079296K
  class space    used 4591K, capacity 4858K, committed 4912K, reserved 1048576K
GC Heap History (10 events):
Event: 3.102 GC heap before
{Heap before GC invocations=5 (full 0):
 PSYoungGen      total 34816K, used 34816K [0x00000000d5580000, 0x00000000d9b00000, 0x0000000100000000)
  eden space 32768K, 100% used [0x00000000d5580000,0x00000000d7580000,0x00000000d7580000)
  from space 2048K, 100% used [0x00000000d9900000,0x00000000d9b00000,0x00000000d9b00000)
  to   space 5120K, 0% used [0x00000000d9100000,0x00000000d9100000,0x00000000d9600000)
 ParOldGen       total 86016K, used 6191K [0x0000000080000000, 0x0000000085400000, 0x00000000d5580000)
  object space 86016K, 7% used [0x0000000080000000,0x000000008060bca8,0x0000000085400000)
 Metaspace       used 17482K, capacity 18036K, committed 18304K, reserved 1064960K
  class space    used 2390K, capacity 2564K, committed 2688K, reserved 1048576K
Event: 3.111 GC heap after
Heap after GC invocations=5 (full 0):
 PSYoungGen      total 66048K, used 5099K [0x00000000d5580000, 0x00000000da580000, 0x0000000100000000)
  eden space 60928K, 0% used [0x00000000d5580000,0x00000000d5580000,0x00000000d9100000)
  from space 5120K, 99% used [0x00000000d9100000,0x00000000d95faea0,0x00000000d9600000)
  to   space 8192K, 0% used [0x00000000d9d80000,0x00000000d9d80000,0x00000000da580000)
 ParOldGen       total 86016K, used 6558K [0x0000000080000000, 0x0000000085400000, 0x00000000d5580000)
  object space 86016K, 7% used [0x0000000080000000,0x0000000080667820,0x0000000085400000)
 Metaspace       used 17482K, capacity 18036K, committed 18304K, reserved 1064960K
  class space    used 2390K, capacity 2564K, committed 2688K, reserved 1048576K
}
Event: 3.668 GC heap before
{Heap before GC invocations=6 (full 0):
 PSYoungGen      total 66048K, used 43236K [0x00000000d5580000, 0x00000000da580000, 0x0000000100000000)
  eden space 60928K, 62% used [0x00000000d5580000,0x00000000d7abe260,0x00000000d9100000)
  from space 5120K, 99% used [0x00000000d9100000,0x00000000d95faea0,0x00000000d9600000)
  to   space 8192K, 0% used [0x00000000d9d80000,0x00000000d9d80000,0x00000000da580000)
 ParOldGen       total 86016K, used 6558K [0x0000000080000000, 0x0000000085400000, 0x00000000d5580000)
  object space 86016K, 7% used [0x0000000080000000,0x0000000080667820,0x0000000085400000)
 Metaspace       used 20560K, capacity 21208K, committed 21296K, reserved 1067008K
  class space    used 2873K, capacity 3076K, committed 3120K, reserved 1048576K
Event: 3.677 GC heap after
Heap after GC invocations=6 (full 0):
 PSYoungGen      total 73216K, used 6984K [0x00000000d5580000, 0x00000000ddd80000, 0x0000000100000000)
  eden space 65024K, 0% used [0x00000000d5580000,0x00000000d5580000,0x00000000d9500000)
  from space 8192K, 85% used [0x00000000d9d80000,0x00000000da452208,0x00000000da580000)
  to   space 8704K, 0% used [0x00000000d9500000,0x00000000d9500000,0x00000000d9d80000)
 ParOldGen       total 86016K, used 6566K [0x0000000080000000, 0x0000000085400000, 0x00000000d5580000)
  object space 86016K, 7% used [0x0000000080000000,0x0000000080669820,0x0000000085400000)
 Metaspace       used 20560K, capacity 21208K, committed 21296K, reserved 1067008K
  class space    used 2873K, capacity 3076K, committed 3120K, reserved 1048576K
}
Event: 3.678 GC heap before
{Heap before GC invocations=7 (full 1):
 PSYoungGen      total 73216K, used 6984K [0x00000000d5580000, 0x00000000ddd80000, 0x0000000100000000)
  eden space 65024K, 0% used [0x00000000d5580000,0x00000000d5580000,0x00000000d9500000)
  from space 8192K, 85% used [0x00000000d9d80000,0x00000000da452208,0x00000000da580000)
  to   space 8704K, 0% used [0x00000000d9500000,0x00000000d9500000,0x00000000d9d80000)
 ParOldGen       total 86016K, used 6566K [0x0000000080000000, 0x0000000085400000, 0x00000000d5580000)
  object space 86016K, 7% used [0x0000000080000000,0x0000000080669820,0x0000000085400000)
 Metaspace       used 20560K, capacity 21208K, committed 21296K, reserved 1067008K
  class space    used 2873K, capacity 3076K, committed 3120K, reserved 1048576K
Event: 3.737 GC heap after
Heap after GC invocations=7 (full 1):
 PSYoungGen      total 73216K, used 0K [0x00000000d5580000, 0x00000000ddd80000, 0x0000000100000000)
  eden space 65024K, 0% used [0x00000000d5580000,0x00000000d5580000,0x00000000d9500000)
  from space 8192K, 0% used [0x00000000d9d80000,0x00000000d9d80000,0x00000000da580000)
  to   space 8704K, 0% used [0x00000000d9500000,0x00000000d9500000,0x00000000d9d80000)
 ParOldGen       total 67072K, used 11789K [0x0000000080000000, 0x0000000084180000, 0x00000000d5580000)
  object space 67072K, 17% used [0x0000000080000000,0x0000000080b834b0,0x0000000084180000)
 Metaspace       used 20560K, capacity 21208K, committed 21296K, reserved 1067008K
  class space    used 2873K, capacity 3076K, committed 3120K, reserved 1048576K
}
Event: 4.615 GC heap before
{Heap before GC invocations=8 (full 1):
 PSYoungGen      total 73216K, used 65024K [0x00000000d5580000, 0x00000000ddd80000, 0x0000000100000000)
  eden space 65024K, 100% used [0x00000000d5580000,0x00000000d9500000,0x00000000d9500000)
  from space 8192K, 0% used [0x00000000d9d80000,0x00000000d9d80000,0x00000000da580000)
  to   space 8704K, 0% used [0x00000000d9500000,0x00000000d9500000,0x00000000d9d80000)
 ParOldGen       total 67072K, used 11789K [0x0000000080000000, 0x0000000084180000, 0x00000000d5580000)
  object space 67072K, 17% used [0x0000000080000000,0x0000000080b834b0,0x0000000084180000)
 Metaspace       used 28744K, capacity 29598K, committed 29872K, reserved 1075200K
  class space    used 3984K, capacity 4223K, committed 4272K, reserved 1048576K
Event: 4.623 GC heap after
Heap after GC invocations=8 (full 1):
 PSYoungGen      total 73728K, used 8511K [0x00000000d5580000, 0x00000000dc400000, 0x0000000100000000)
  eden space 65024K, 0% used [0x00000000d5580000,0x00000000d5580000,0x00000000d9500000)
  from space 8704K, 97% used [0x00000000d9500000,0x00000000d9d4fff8,0x00000000d9d80000)
  to   space 9728K, 0% used [0x00000000dba80000,0x00000000dba80000,0x00000000dc400000)
 ParOldGen       total 67072K, used 11797K [0x0000000080000000, 0x0000000084180000, 0x00000000d5580000)
  object space 67072K, 17% used [0x0000000080000000,0x0000000080b854b0,0x0000000084180000)
 Metaspace       used 28744K, capacity 29598K, committed 29872K, reserved 1075200K
  class space    used 3984K, capacity 4223K, committed 4272K, reserved 1048576K
}
Event: 5.442 GC heap before
{Heap before GC invocations=9 (full 1):
 PSYoungGen      total 73728K, used 73535K [0x00000000d5580000, 0x00000000dc400000, 0x0000000100000000)
  eden space 65024K, 100% used [0x00000000d5580000,0x00000000d9500000,0x00000000d9500000)
  from space 8704K, 97% used [0x00000000d9500000,0x00000000d9d4fff8,0x00000000d9d80000)
  to   space 9728K, 0% used [0x00000000dba80000,0x00000000dba80000,0x00000000dc400000)
 ParOldGen       total 67072K, used 11797K [0x0000000080000000, 0x0000000084180000, 0x00000000d5580000)
  object space 67072K, 17% used [0x0000000080000000,0x0000000080b854b0,0x0000000084180000)
 Metaspace       used 32957K, capacity 34002K, committed 34224K, reserved 1079296K
  class space    used 4501K, capacity 4758K, committed 4784K, reserved 1048576K
Event: 5.454 GC heap after
Heap after GC invocations=9 (full 1):
 PSYoungGen      total 102400K, used 9253K [0x00000000d5580000, 0x00000000dc700000, 0x0000000100000000)
  eden space 92672K, 0% used [0x00000000d5580000,0x00000000d5580000,0x00000000db000000)
  from space 9728K, 95% used [0x00000000dba80000,0x00000000dc3897b0,0x00000000dc400000)
  to   space 10752K, 0% used [0x00000000db000000,0x00000000db000000,0x00000000dba80000)
 ParOldGen       total 67072K, used 11805K [0x0000000080000000, 0x0000000084180000, 0x00000000d5580000)
  object space 67072K, 17% used [0x0000000080000000,0x0000000080b874b0,0x0000000084180000)
 Metaspace       used 32957K, capacity 34002K, committed 34224K, reserved 1079296K
  class space    used 4501K, capacity 4758K, committed 4784K, reserved 1048576K
}

