# JRE version: OpenJDK Runtime Environment (8.0_242-b01) (build 1.8.0_242-release-1644-b01)
# Java VM: OpenJDK 64-Bit Server VM (25.242-b01 mixed mode windows-amd64 compressed oops)
Heap:
 PSYoungGen      total 75264K, used 41190K [0x00000000d5580000, 0x00000000de780000, 0x0000000100000000)
  eden space 64000K, 64% used [0x00000000d5580000,0x00000000d7db98e8,0x00000000d9400000)
  from space 11264K, 0% used [0x00000000d9400000,0x00000000d9400000,0x00000000d9f00000)
  to   space 10752K, 0% used [0x00000000ddd00000,0x00000000ddd00000,0x00000000de780000)
 ParOldGen       total 47104K, used 6799K [0x0000000080000000, 0x0000000082e00000, 0x00000000d5580000)
  object space 47104K, 14% used [0x0000000080000000,0x00000000806a3ef8,0x0000000082e00000)
 Metaspace       used 23549K, capacity 24328K, committed 24624K, reserved 1071104K
  class space    used 3351K, capacity 3582K, committed 3632K, reserved 1048576K
GC Heap History (10 events):
Event: 6.143 GC heap before
{Heap before GC invocations=4 (full 0):
 PSYoungGen      total 37888K, used 37856K [0x00000000d5580000, 0x00000000d7f80000, 0x0000000100000000)
  eden space 32768K, 100% used [0x00000000d5580000,0x00000000d7580000,0x00000000d7580000)
  from space 5120K, 99% used [0x00000000d7580000,0x00000000d7a78020,0x00000000d7a80000)
  to   space 5120K, 0% used [0x00000000d7a80000,0x00000000d7a80000,0x00000000d7f80000)
 ParOldGen       total 86016K, used 998K [0x0000000080000000, 0x0000000085400000, 0x00000000d5580000)
  object space 86016K, 1% used [0x0000000080000000,0x00000000800f9ae8,0x0000000085400000)
 Metaspace       used 14611K, capacity 15090K, committed 15232K, reserved 1062912K
  class space    used 1995K, capacity 2153K, committed 2176K, reserved 1048576K
Event: 6.150 GC heap after
Heap after GC invocations=4 (full 0):
 PSYoungGen      total 37888K, used 5104K [0x00000000d5580000, 0x00000000d7f80000, 0x0000000100000000)
  eden space 32768K, 0% used [0x00000000d5580000,0x00000000d5580000,0x00000000d7580000)
  from space 5120K, 99% used [0x00000000d7a80000,0x00000000d7f7c050,0x00000000d7f80000)
  to   space 5120K, 0% used [0x00000000d7580000,0x00000000d7580000,0x00000000d7a80000)
 ParOldGen       total 86016K, used 3303K [0x0000000080000000, 0x0000000085400000, 0x00000000d5580000)
  object space 86016K, 3% used [0x0000000080000000,0x0000000080339fb0,0x0000000085400000)
 Metaspace       used 14611K, capacity 15090K, committed 15232K, reserved 1062912K
  class space    used 1995K, capacity 2153K, committed 2176K, reserved 1048576K
}
Event: 6.584 GC heap before
{Heap before GC invocations=5 (full 0):
 PSYoungGen      total 37888K, used 37872K [0x00000000d5580000, 0x00000000d7f80000, 0x0000000100000000)
  eden space 32768K, 100% used [0x00000000d5580000,0x00000000d7580000,0x00000000d7580000)
  from space 5120K, 99% used [0x00000000d7a80000,0x00000000d7f7c050,0x00000000d7f80000)
  to   space 5120K, 0% used [0x00000000d7580000,0x00000000d7580000,0x00000000d7a80000)
 ParOldGen       total 86016K, used 3303K [0x0000000080000000, 0x0000000085400000, 0x00000000d5580000)
  object space 86016K, 3% used [0x0000000080000000,0x0000000080339fb0,0x0000000085400000)
 Metaspace       used 17453K, capacity 18048K, committed 18304K, reserved 1064960K
  class space    used 2387K, capacity 2564K, committed 2688K, reserved 1048576K
Event: 6.598 GC heap after
Heap after GC invocations=5 (full 0):
 PSYoungGen      total 37888K, used 5104K [0x00000000d5580000, 0x00000000da880000, 0x0000000100000000)
  eden space 32768K, 0% used [0x00000000d5580000,0x00000000d5580000,0x00000000d7580000)
  from space 5120K, 99% used [0x00000000d7580000,0x00000000d7a7c050,0x00000000d7a80000)
  to   space 9728K, 0% used [0x00000000d9f00000,0x00000000d9f00000,0x00000000da880000)
 ParOldGen       total 86016K, used 6248K [0x0000000080000000, 0x0000000085400000, 0x00000000d5580000)
  object space 86016K, 7% used [0x0000000080000000,0x000000008061a088,0x0000000085400000)
 Metaspace       used 17453K, capacity 18048K, committed 18304K, reserved 1064960K
  class space    used 2387K, capacity 2564K, committed 2688K, reserved 1048576K
}
Event: 7.161 GC heap before
{Heap before GC invocations=6 (full 0):
 PSYoungGen      total 37888K, used 37872K [0x00000000d5580000, 0x00000000da880000, 0x0000000100000000)
  eden space 32768K, 100% used [0x00000000d5580000,0x00000000d7580000,0x00000000d7580000)
  from space 5120K, 99% used [0x00000000d7580000,0x00000000d7a7c050,0x00000000d7a80000)
  to   space 9728K, 0% used [0x00000000d9f00000,0x00000000d9f00000,0x00000000da880000)
 ParOldGen       total 86016K, used 6248K [0x0000000080000000, 0x0000000085400000, 0x00000000d5580000)
  object space 86016K, 7% used [0x0000000080000000,0x000000008061a088,0x0000000085400000)
 Metaspace       used 20382K, capacity 21060K, committed 21248K, reserved 1067008K
  class space    used 2844K, capacity 3044K, committed 3072K, reserved 1048576K
Event: 7.169 GC heap after
Heap after GC invocations=6 (full 0):
 PSYoungGen      total 73728K, used 8832K [0x00000000d5580000, 0x00000000dab80000, 0x0000000100000000)
  eden space 64000K, 0% used [0x00000000d5580000,0x00000000d5580000,0x00000000d9400000)
  from space 9728K, 90% used [0x00000000d9f00000,0x00000000da7a0398,0x00000000da880000)
  to   space 11264K, 0% used [0x00000000d9400000,0x00000000d9400000,0x00000000d9f00000)
 ParOldGen       total 86016K, used 6256K [0x0000000080000000, 0x0000000085400000, 0x00000000d5580000)
  object space 86016K, 7% used [0x0000000080000000,0x000000008061c088,0x0000000085400000)
 Metaspace       used 20382K, capacity 21060K, committed 21248K, reserved 1067008K
  class space    used 2844K, capacity 3044K, committed 3072K, reserved 1048576K
}
Event: 7.199 GC heap before
{Heap before GC invocations=7 (full 0):
 PSYoungGen      total 73728K, used 14281K [0x00000000d5580000, 0x00000000dab80000, 0x0000000100000000)
  eden space 64000K, 8% used [0x00000000d5580000,0x00000000d5ad2228,0x00000000d9400000)
  from space 9728K, 90% used [0x00000000d9f00000,0x00000000da7a0398,0x00000000da880000)
  to   space 11264K, 0% used [0x00000000d9400000,0x00000000d9400000,0x00000000d9f00000)
 ParOldGen       total 86016K, used 6256K [0x0000000080000000, 0x0000000085400000, 0x00000000d5580000)
  object space 86016K, 7% used [0x0000000080000000,0x000000008061c088,0x0000000085400000)
 Metaspace       used 20553K, capacity 21220K, committed 21296K, reserved 1067008K
  class space    used 2873K, capacity 3076K, committed 3120K, reserved 1048576K
Event: 7.203 GC heap after
Heap after GC invocations=7 (full 0):
 PSYoungGen      total 75264K, used 3892K [0x00000000d5580000, 0x00000000de780000, 0x0000000100000000)
  eden space 64000K, 0% used [0x00000000d5580000,0x00000000d5580000,0x00000000d9400000)
  from space 11264K, 34% used [0x00000000d9400000,0x00000000d97cd040,0x00000000d9f00000)
  to   space 10752K, 0% used [0x00000000ddd00000,0x00000000ddd00000,0x00000000de780000)
 ParOldGen       total 86016K, used 8660K [0x0000000080000000, 0x0000000085400000, 0x00000000d5580000)
  object space 86016K, 10% used [0x0000000080000000,0x00000000808750e8,0x0000000085400000)
 Metaspace       used 20553K, capacity 21220K, committed 21296K, reserved 1067008K
  class space    used 2873K, capacity 3076K, committed 3120K, reserved 1048576K
}
Event: 7.203 GC heap before
{Heap before GC invocations=8 (full 1):
 PSYoungGen      total 75264K, used 3892K [0x00000000d5580000, 0x00000000de780000, 0x0000000100000000)
  eden space 64000K, 0% used [0x00000000d5580000,0x00000000d5580000,0x00000000d9400000)
  from space 11264K, 34% used [0x00000000d9400000,0x00000000d97cd040,0x00000000d9f00000)
  to   space 10752K, 0% used [0x00000000ddd00000,0x00000000ddd00000,0x00000000de780000)
 ParOldGen       total 86016K, used 8660K [0x0000000080000000, 0x0000000085400000, 0x00000000d5580000)
  object space 86016K, 10% used [0x0000000080000000,0x00000000808750e8,0x0000000085400000)
 Metaspace       used 20553K, capacity 21220K, committed 21296K, reserved 1067008K
  class space    used 2873K, capacity 3076K, committed 3120K, reserved 1048576K
Event: 7.233 GC heap after
Heap after GC invocations=8 (full 1):
 PSYoungGen      total 75264K, used 0K [0x00000000d5580000, 0x00000000de780000, 0x0000000100000000)
  eden space 64000K, 0% used [0x00000000d5580000,0x00000000d5580000,0x00000000d9400000)
  from space 11264K, 0% used [0x00000000d9400000,0x00000000d9400000,0x00000000d9f00000)
  to   space 10752K, 0% used [0x00000000ddd00000,0x00000000ddd00000,0x00000000de780000)
 ParOldGen       total 47104K, used 6799K [0x0000000080000000, 0x0000000082e00000, 0x00000000d5580000)
  object space 47104K, 14% used [0x0000000080000000,0x00000000806a3ef8,0x0000000082e00000)
 Metaspace       used 20553K, capacity 21220K, committed 21296K, reserved 1067008K
  class space    used 2873K, capacity 3076K, committed 3120K, reserved 1048576K
}

