# JRE version: OpenJDK Runtime Environment (8.0_242-b01) (build 1.8.0_242-release-1644-b01)
# Java VM: OpenJDK 64-Bit Server VM (25.242-b01 mixed mode windows-amd64 compressed oops)
Heap:
 PSYoungGen      total 137216K, used 83244K [0x00000000d5580000, 0x00000000e1580000, 0x0000000100000000)
  eden space 125952K, 66% used [0x00000000d5580000,0x00000000da6cb058,0x00000000dd080000)
  from space 11264K, 0% used [0x00000000dd080000,0x00000000dd080000,0x00000000ddb80000)
  to   space 12800K, 0% used [0x00000000e0900000,0x00000000e0900000,0x00000000e1580000)
 ParOldGen       total 74752K, used 17379K [0x0000000080000000, 0x0000000084900000, 0x00000000d5580000)
  object space 74752K, 23% used [0x0000000080000000,0x00000000810f8d50,0x0000000084900000)
 Metaspace       used 36259K, capacity 37734K, committed 37928K, reserved 1081344K
  class space    used 4992K, capacity 5304K, committed 5424K, reserved 1048576K
GC Heap History (10 events):
Event: 3.706 GC heap before
{Heap before GC invocations=7 (full 0):
 PSYoungGen      total 74240K, used 14066K [0x00000000d5580000, 0x00000000daa80000, 0x0000000100000000)
  eden space 64512K, 8% used [0x00000000d5580000,0x00000000d5aa5a60,0x00000000d9480000)
  from space 9728K, 90% used [0x00000000d9f00000,0x00000000da796ef0,0x00000000da880000)
  to   space 10752K, 0% used [0x00000000d9480000,0x00000000d9480000,0x00000000d9f00000)
 ParOldGen       total 86016K, used 6127K [0x0000000080000000, 0x0000000085400000, 0x00000000d5580000)
  object space 86016K, 7% used [0x0000000080000000,0x00000000805fbf30,0x0000000085400000)
 Metaspace       used 20558K, capacity 21208K, committed 21296K, reserved 1067008K
  class space    used 2872K, capacity 3076K, committed 3120K, reserved 1048576K
Event: 3.714 GC heap after
Heap after GC invocations=7 (full 0):
 PSYoungGen      total 75264K, used 3860K [0x00000000d5580000, 0x00000000de880000, 0x0000000100000000)
  eden space 64512K, 0% used [0x00000000d5580000,0x00000000d5580000,0x00000000d9480000)
  from space 10752K, 35% used [0x00000000d9480000,0x00000000d9845040,0x00000000d9f00000)
  to   space 10752K, 0% used [0x00000000dde00000,0x00000000dde00000,0x00000000de880000)
 ParOldGen       total 86016K, used 8523K [0x0000000080000000, 0x0000000085400000, 0x00000000d5580000)
  object space 86016K, 9% used [0x0000000080000000,0x0000000080852f90,0x0000000085400000)
 Metaspace       used 20558K, capacity 21208K, committed 21296K, reserved 1067008K
  class space    used 2872K, capacity 3076K, committed 3120K, reserved 1048576K
}
Event: 3.715 GC heap before
{Heap before GC invocations=8 (full 1):
 PSYoungGen      total 75264K, used 3860K [0x00000000d5580000, 0x00000000de880000, 0x0000000100000000)
  eden space 64512K, 0% used [0x00000000d5580000,0x00000000d5580000,0x00000000d9480000)
  from space 10752K, 35% used [0x00000000d9480000,0x00000000d9845040,0x00000000d9f00000)
  to   space 10752K, 0% used [0x00000000dde00000,0x00000000dde00000,0x00000000de880000)
 ParOldGen       total 86016K, used 8523K [0x0000000080000000, 0x0000000085400000, 0x00000000d5580000)
  object space 86016K, 9% used [0x0000000080000000,0x0000000080852f90,0x0000000085400000)
 Metaspace       used 20558K, capacity 21208K, committed 21296K, reserved 1067008K
  class space    used 2872K, capacity 3076K, committed 3120K, reserved 1048576K
Event: 3.764 GC heap after
Heap after GC invocations=8 (full 1):
 PSYoungGen      total 75264K, used 0K [0x00000000d5580000, 0x00000000de880000, 0x0000000100000000)
  eden space 64512K, 0% used [0x00000000d5580000,0x00000000d5580000,0x00000000d9480000)
  from space 10752K, 0% used [0x00000000d9480000,0x00000000d9480000,0x00000000d9f00000)
  to   space 10752K, 0% used [0x00000000dde00000,0x00000000dde00000,0x00000000de880000)
 ParOldGen       total 49152K, used 6802K [0x0000000080000000, 0x0000000083000000, 0x00000000d5580000)
  object space 49152K, 13% used [0x0000000080000000,0x00000000806a4968,0x0000000083000000)
 Metaspace       used 20558K, capacity 21208K, committed 21296K, reserved 1067008K
  class space    used 2872K, capacity 3076K, committed 3120K, reserved 1048576K
}
Event: 4.410 GC heap before
{Heap before GC invocations=9 (full 1):
 PSYoungGen      total 75264K, used 64512K [0x00000000d5580000, 0x00000000de880000, 0x0000000100000000)
  eden space 64512K, 100% used [0x00000000d5580000,0x00000000d9480000,0x00000000d9480000)
  from space 10752K, 0% used [0x00000000d9480000,0x00000000d9480000,0x00000000d9f00000)
  to   space 10752K, 0% used [0x00000000dde00000,0x00000000dde00000,0x00000000de880000)
 ParOldGen       total 49152K, used 6802K [0x0000000080000000, 0x0000000083000000, 0x00000000d5580000)
  object space 49152K, 13% used [0x0000000080000000,0x00000000806a4968,0x0000000083000000)
 Metaspace       used 28595K, capacity 29428K, committed 29616K, reserved 1075200K
  class space    used 3965K, capacity 4188K, committed 4272K, reserved 1048576K
Event: 4.419 GC heap after
Heap after GC invocations=9 (full 1):
 PSYoungGen      total 125440K, used 8320K [0x00000000d5580000, 0x00000000de680000, 0x0000000100000000)
  eden space 116736K, 0% used [0x00000000d5580000,0x00000000d5580000,0x00000000dc780000)
  from space 8704K, 95% used [0x00000000dde00000,0x00000000de620380,0x00000000de680000)
  to   space 11264K, 0% used [0x00000000dd080000,0x00000000dd080000,0x00000000ddb80000)
 ParOldGen       total 49152K, used 6810K [0x0000000080000000, 0x0000000083000000, 0x00000000d5580000)
  object space 49152K, 13% used [0x0000000080000000,0x00000000806a6968,0x0000000083000000)
 Metaspace       used 28595K, capacity 29428K, committed 29616K, reserved 1075200K
  class space    used 3965K, capacity 4188K, committed 4272K, reserved 1048576K
}
Event: 5.165 GC heap before
{Heap before GC invocations=10 (full 1):
 PSYoungGen      total 125440K, used 102862K [0x00000000d5580000, 0x00000000de680000, 0x0000000100000000)
  eden space 116736K, 80% used [0x00000000d5580000,0x00000000db1d3680,0x00000000dc780000)
  from space 8704K, 95% used [0x00000000dde00000,0x00000000de620380,0x00000000de680000)
  to   space 11264K, 0% used [0x00000000dd080000,0x00000000dd080000,0x00000000ddb80000)
 ParOldGen       total 49152K, used 6810K [0x0000000080000000, 0x0000000083000000, 0x00000000d5580000)
  object space 49152K, 13% used [0x0000000080000000,0x00000000806a6968,0x0000000083000000)
 Metaspace       used 34271K, capacity 35398K, committed 35496K, reserved 1079296K
  class space    used 4722K, capacity 5002K, committed 5040K, reserved 1048576K
Event: 5.178 GC heap after
Heap after GC invocations=10 (full 1):
 PSYoungGen      total 137216K, used 11234K [0x00000000d5580000, 0x00000000e1580000, 0x0000000100000000)
  eden space 125952K, 0% used [0x00000000d5580000,0x00000000d5580000,0x00000000dd080000)
  from space 11264K, 99% used [0x00000000dd080000,0x00000000ddb78a40,0x00000000ddb80000)
  to   space 12800K, 0% used [0x00000000e0900000,0x00000000e0900000,0x00000000e1580000)
 ParOldGen       total 49152K, used 6849K [0x0000000080000000, 0x0000000083000000, 0x00000000d5580000)
  object space 49152K, 13% used [0x0000000080000000,0x00000000806b0448,0x0000000083000000)
 Metaspace       used 34271K, capacity 35398K, committed 35496K, reserved 1079296K
  class space    used 4722K, capacity 5002K, committed 5040K, reserved 1048576K
}
Event: 5.178 GC heap before
{Heap before GC invocations=11 (full 2):
 PSYoungGen      total 137216K, used 11234K [0x00000000d5580000, 0x00000000e1580000, 0x0000000100000000)
  eden space 125952K, 0% used [0x00000000d5580000,0x00000000d5580000,0x00000000dd080000)
  from space 11264K, 99% used [0x00000000dd080000,0x00000000ddb78a40,0x00000000ddb80000)
  to   space 12800K, 0% used [0x00000000e0900000,0x00000000e0900000,0x00000000e1580000)
 ParOldGen       total 49152K, used 6849K [0x0000000080000000, 0x0000000083000000, 0x00000000d5580000)
  object space 49152K, 13% used [0x0000000080000000,0x00000000806b0448,0x0000000083000000)
 Metaspace       used 34271K, capacity 35398K, committed 35496K, reserved 1079296K
  class space    used 4722K, capacity 5002K, committed 5040K, reserved 1048576K
Event: 5.242 GC heap after
Heap after GC invocations=11 (full 2):
 PSYoungGen      total 137216K, used 0K [0x00000000d5580000, 0x00000000e1580000, 0x0000000100000000)
  eden space 125952K, 0% used [0x00000000d5580000,0x00000000d5580000,0x00000000dd080000)
  from space 11264K, 0% used [0x00000000dd080000,0x00000000dd080000,0x00000000ddb80000)
  to   space 12800K, 0% used [0x00000000e0900000,0x00000000e0900000,0x00000000e1580000)
 ParOldGen       total 74752K, used 17379K [0x0000000080000000, 0x0000000084900000, 0x00000000d5580000)
  object space 74752K, 23% used [0x0000000080000000,0x00000000810f8d50,0x0000000084900000)
 Metaspace       used 34271K, capacity 35398K, committed 35496K, reserved 1079296K
  class space    used 4722K, capacity 5002K, committed 5040K, reserved 1048576K
}

