# JRE version: OpenJDK Runtime Environment (8.0_242-b01) (build 1.8.0_242-release-1644-b01)
# Java VM: OpenJDK 64-Bit Server VM (25.242-b01 mixed mode windows-amd64 compressed oops)
Heap:
 PSYoungGen      total 137216K, used 31910K [0x00000000d5580000, 0x00000000e0a00000, 0x0000000100000000)
  eden space 125952K, 25% used [0x00000000d5580000,0x00000000d74a9a98,0x00000000dd080000)
  from space 11264K, 0% used [0x00000000dd080000,0x00000000dd080000,0x00000000ddb80000)
  to   space 12800K, 0% used [0x00000000dfd80000,0x00000000dfd80000,0x00000000e0a00000)
 ParOldGen       total 78848K, used 17262K [0x0000000080000000, 0x0000000084d00000, 0x00000000d5580000)
  object space 78848K, 21% used [0x0000000080000000,0x00000000810dbb48,0x0000000084d00000)
 Metaspace       used 35930K, capacity 37276K, committed 37544K, reserved 1081344K
  class space    used 4945K, capacity 5239K, committed 5296K, reserved 1048576K
GC Heap History (10 events):
Event: 4.853 GC heap before
{Heap before GC invocations=7 (full 0):
 PSYoungGen      total 74240K, used 15168K [0x00000000d5580000, 0x00000000daa80000, 0x0000000100000000)
  eden space 64512K, 9% used [0x00000000d5580000,0x00000000d5bc05f0,0x00000000d9480000)
  from space 9728K, 90% used [0x00000000d9f00000,0x00000000da78fc08,0x00000000da880000)
  to   space 10752K, 0% used [0x00000000d9480000,0x00000000d9480000,0x00000000d9f00000)
 ParOldGen       total 86016K, used 6238K [0x0000000080000000, 0x0000000085400000, 0x00000000d5580000)
  object space 86016K, 7% used [0x0000000080000000,0x0000000080617bc0,0x0000000085400000)
 Metaspace       used 20586K, capacity 21220K, committed 21296K, reserved 1067008K
  class space    used 2877K, capacity 3076K, committed 3120K, reserved 1048576K
Event: 4.860 GC heap after
Heap after GC invocations=7 (full 0):
 PSYoungGen      total 75264K, used 4016K [0x00000000d5580000, 0x00000000de880000, 0x0000000100000000)
  eden space 64512K, 0% used [0x00000000d5580000,0x00000000d5580000,0x00000000d9480000)
  from space 10752K, 37% used [0x00000000d9480000,0x00000000d986c040,0x00000000d9f00000)
  to   space 10752K, 0% used [0x00000000dde00000,0x00000000dde00000,0x00000000de880000)
 ParOldGen       total 86016K, used 8635K [0x0000000080000000, 0x0000000085400000, 0x00000000d5580000)
  object space 86016K, 10% used [0x0000000080000000,0x000000008086ec20,0x0000000085400000)
 Metaspace       used 20586K, capacity 21220K, committed 21296K, reserved 1067008K
  class space    used 2877K, capacity 3076K, committed 3120K, reserved 1048576K
}
Event: 4.860 GC heap before
{Heap before GC invocations=8 (full 1):
 PSYoungGen      total 75264K, used 4016K [0x00000000d5580000, 0x00000000de880000, 0x0000000100000000)
  eden space 64512K, 0% used [0x00000000d5580000,0x00000000d5580000,0x00000000d9480000)
  from space 10752K, 37% used [0x00000000d9480000,0x00000000d986c040,0x00000000d9f00000)
  to   space 10752K, 0% used [0x00000000dde00000,0x00000000dde00000,0x00000000de880000)
 ParOldGen       total 86016K, used 8635K [0x0000000080000000, 0x0000000085400000, 0x00000000d5580000)
  object space 86016K, 10% used [0x0000000080000000,0x000000008086ec20,0x0000000085400000)
 Metaspace       used 20586K, capacity 21220K, committed 21296K, reserved 1067008K
  class space    used 2877K, capacity 3076K, committed 3120K, reserved 1048576K
Event: 4.896 GC heap after
Heap after GC invocations=8 (full 1):
 PSYoungGen      total 75264K, used 0K [0x00000000d5580000, 0x00000000de880000, 0x0000000100000000)
  eden space 64512K, 0% used [0x00000000d5580000,0x00000000d5580000,0x00000000d9480000)
  from space 10752K, 0% used [0x00000000d9480000,0x00000000d9480000,0x00000000d9f00000)
  to   space 10752K, 0% used [0x00000000dde00000,0x00000000dde00000,0x00000000de880000)
 ParOldGen       total 51200K, used 6881K [0x0000000080000000, 0x0000000083200000, 0x00000000d5580000)
  object space 51200K, 13% used [0x0000000080000000,0x00000000806b8608,0x0000000083200000)
 Metaspace       used 20586K, capacity 21220K, committed 21296K, reserved 1067008K
  class space    used 2877K, capacity 3076K, committed 3120K, reserved 1048576K
}
Event: 6.138 GC heap before
{Heap before GC invocations=9 (full 1):
 PSYoungGen      total 75264K, used 64512K [0x00000000d5580000, 0x00000000de880000, 0x0000000100000000)
  eden space 64512K, 100% used [0x00000000d5580000,0x00000000d9480000,0x00000000d9480000)
  from space 10752K, 0% used [0x00000000d9480000,0x00000000d9480000,0x00000000d9f00000)
  to   space 10752K, 0% used [0x00000000dde00000,0x00000000dde00000,0x00000000de880000)
 ParOldGen       total 51200K, used 6881K [0x0000000080000000, 0x0000000083200000, 0x00000000d5580000)
  object space 51200K, 13% used [0x0000000080000000,0x00000000806b8608,0x0000000083200000)
 Metaspace       used 28747K, capacity 29602K, committed 29872K, reserved 1075200K
  class space    used 3983K, capacity 4221K, committed 4272K, reserved 1048576K
Event: 6.147 GC heap after
Heap after GC invocations=9 (full 1):
 PSYoungGen      total 120832K, used 8500K [0x00000000d5580000, 0x00000000de680000, 0x0000000100000000)
  eden space 112128K, 0% used [0x00000000d5580000,0x00000000d5580000,0x00000000dc300000)
  from space 8704K, 97% used [0x00000000dde00000,0x00000000de64d360,0x00000000de680000)
  to   space 11264K, 0% used [0x00000000dd080000,0x00000000dd080000,0x00000000ddb80000)
 ParOldGen       total 51200K, used 6889K [0x0000000080000000, 0x0000000083200000, 0x00000000d5580000)
  object space 51200K, 13% used [0x0000000080000000,0x00000000806ba608,0x0000000083200000)
 Metaspace       used 28747K, capacity 29602K, committed 29872K, reserved 1075200K
  class space    used 3983K, capacity 4221K, committed 4272K, reserved 1048576K
}
Event: 8.178 GC heap before
{Heap before GC invocations=10 (full 1):
 PSYoungGen      total 120832K, used 101396K [0x00000000d5580000, 0x00000000de680000, 0x0000000100000000)
  eden space 112128K, 82% used [0x00000000d5580000,0x00000000db037f08,0x00000000dc300000)
  from space 8704K, 97% used [0x00000000dde00000,0x00000000de64d360,0x00000000de680000)
  to   space 11264K, 0% used [0x00000000dd080000,0x00000000dd080000,0x00000000ddb80000)
 ParOldGen       total 51200K, used 6889K [0x0000000080000000, 0x0000000083200000, 0x00000000d5580000)
  object space 51200K, 13% used [0x0000000080000000,0x00000000806ba608,0x0000000083200000)
 Metaspace       used 34294K, capacity 35410K, committed 35496K, reserved 1079296K
  class space    used 4720K, capacity 5002K, committed 5040K, reserved 1048576K
Event: 8.187 GC heap after
Heap after GC invocations=10 (full 1):
 PSYoungGen      total 137216K, used 11091K [0x00000000d5580000, 0x00000000e0a00000, 0x0000000100000000)
  eden space 125952K, 0% used [0x00000000d5580000,0x00000000d5580000,0x00000000dd080000)
  from space 11264K, 98% used [0x00000000dd080000,0x00000000ddb54d50,0x00000000ddb80000)
  to   space 12800K, 0% used [0x00000000dfd80000,0x00000000dfd80000,0x00000000e0a00000)
 ParOldGen       total 51200K, used 6897K [0x0000000080000000, 0x0000000083200000, 0x00000000d5580000)
  object space 51200K, 13% used [0x0000000080000000,0x00000000806bc608,0x0000000083200000)
 Metaspace       used 34294K, capacity 35410K, committed 35496K, reserved 1079296K
  class space    used 4720K, capacity 5002K, committed 5040K, reserved 1048576K
}
Event: 8.187 GC heap before
{Heap before GC invocations=11 (full 2):
 PSYoungGen      total 137216K, used 11091K [0x00000000d5580000, 0x00000000e0a00000, 0x0000000100000000)
  eden space 125952K, 0% used [0x00000000d5580000,0x00000000d5580000,0x00000000dd080000)
  from space 11264K, 98% used [0x00000000dd080000,0x00000000ddb54d50,0x00000000ddb80000)
  to   space 12800K, 0% used [0x00000000dfd80000,0x00000000dfd80000,0x00000000e0a00000)
 ParOldGen       total 51200K, used 6897K [0x0000000080000000, 0x0000000083200000, 0x00000000d5580000)
  object space 51200K, 13% used [0x0000000080000000,0x00000000806bc608,0x0000000083200000)
 Metaspace       used 34294K, capacity 35410K, committed 35496K, reserved 1079296K
  class space    used 4720K, capacity 5002K, committed 5040K, reserved 1048576K
Event: 8.244 GC heap after
Heap after GC invocations=11 (full 2):
 PSYoungGen      total 137216K, used 0K [0x00000000d5580000, 0x00000000e0a00000, 0x0000000100000000)
  eden space 125952K, 0% used [0x00000000d5580000,0x00000000d5580000,0x00000000dd080000)
  from space 11264K, 0% used [0x00000000dd080000,0x00000000dd080000,0x00000000ddb80000)
  to   space 12800K, 0% used [0x00000000dfd80000,0x00000000dfd80000,0x00000000e0a00000)
 ParOldGen       total 78848K, used 17262K [0x0000000080000000, 0x0000000084d00000, 0x00000000d5580000)
  object space 78848K, 21% used [0x0000000080000000,0x00000000810dbb48,0x0000000084d00000)
 Metaspace       used 34294K, capacity 35410K, committed 35496K, reserved 1079296K
  class space    used 4720K, capacity 5002K, committed 5040K, reserved 1048576K
}

